<?xml version="1.0" encoding="UTF-8"?>
<testsuite name="com.gorest.userinfo.CreateUserDataDrivenTest" time="227.149" tests="100" errors="0" skipped="0" failures="6">
  <properties>
[...]
</properties>
  <testcase name="createMultipleUsers[15]" classname="com.gorest.userinfo.CreateUserDataDrivenTest" time="17.492"/>
  <testcase name="createMultipleUsers[24]" classname="com.gorest.userinfo.CreateUserDataDrivenTest" time="17.494"/>
  <testcase name="createMultipleUsers[57]" classname="com.gorest.userinfo.CreateUserDataDrivenTest" time="17.494"/>
  <testcase name="createMultipleUsers[22]" classname="com.gorest.userinfo.CreateUserDataDrivenTest" time="17.494"/>
  <testcase name="createMultipleUsers[1]" classname="com.gorest.userinfo.CreateUserDataDrivenTest" time="17.494"/>
  <testcase name="createMultipleUsers[46]" classname="com.gorest.userinfo.CreateUserDataDrivenTest" time="0"/>
  <testcase name="createMultipleUsers[0]" classname="com.gorest.userinfo.CreateUserDataDrivenTest" time="0.001"/>
  <testcase name="createMultipleUsers[53]" classname="com.gorest.userinfo.CreateUserDataDrivenTest" time="0.001"/>
  <testcase name="createMultipleUsers[14]" classname="com.gorest.userinfo.CreateUserDataDrivenTest" time="0.001"/>
  <testcase name="createMultipleUsers[13]" classname="com.gorest.userinfo.CreateUserDataDrivenTest" time="0.014"/>
  <testcase name="createMultipleUsers[35]" classname="com.gorest.userinfo.CreateUserDataDrivenTest" time="0.179"/>
  <testcase name="createMultipleUsers[54]" classname="com.gorest.userinfo.CreateUserDataDrivenTest" time="0.091"/>
  <testcase name="createMultipleUsers[50]" classname="com.gorest.userinfo.CreateUserDataDrivenTest" time="0.003"/>
  <testcase name="createMultipleUsers[30]" classname="com.gorest.userinfo.CreateUserDataDrivenTest" time="0.01"/>
  <testcase name="createMultipleUsers[21]" classname="com.gorest.userinfo.CreateUserDataDrivenTest" time="0.005">
    <failure message="1 expectation failed.&#10;Expected status code &lt;201&gt; but was &lt;422&gt;.&#10;" type="java.lang.AssertionError"><![CDATA[java.lang.AssertionError: 1 expectation failed.
Expected status code <201> but was <422>.

	at sun.reflect.NativeConstructorAccessorImpl.newInstance0(Native Method)
	at sun.reflect.NativeConstructorAccessorImpl.newInstance(NativeConstructorAccessorImpl.java:62)
	at sun.reflect.DelegatingConstructorAccessorImpl.newInstance(DelegatingConstructorAccessorImpl.java:45)
	at java.lang.reflect.Constructor.newInstance(Constructor.java:423)
	at org.codehaus.groovy.reflection.CachedConstructor.invoke(CachedConstructor.java:83)
	at org.codehaus.groovy.reflection.CachedConstructor.doConstructorInvoke(CachedConstructor.java:77)
	at org.codehaus.groovy.runtime.callsite.ConstructorSite$ConstructorSiteNoUnwrap.callConstructor(ConstructorSite.java:84)
	at org.codehaus.groovy.runtime.callsite.CallSiteArray.defaultCallConstructor(CallSiteArray.java:60)
	at org.codehaus.groovy.runtime.callsite.AbstractCallSite.callConstructor(AbstractCallSite.java:235)
	at org.codehaus.groovy.runtime.callsite.AbstractCallSite.callConstructor(AbstractCallSite.java:247)
	at io.restassured.internal.ResponseSpecificationImpl$HamcrestAssertionClosure.validate(ResponseSpecificationImpl.groovy:471)
	at io.restassured.internal.ResponseSpecificationImpl$HamcrestAssertionClosure$validate$14.call(Unknown Source)
	at io.restassured.internal.ResponseSpecificationImpl.validateResponseIfRequired(ResponseSpecificationImpl.groovy:636)
	at sun.reflect.NativeMethodAccessorImpl.invoke0(Native Method)
	at sun.reflect.NativeMethodAccessorImpl.invoke(NativeMethodAccessorImpl.java:62)
	at sun.reflect.DelegatingMethodAccessorImpl.invoke(DelegatingMethodAccessorImpl.java:43)
	at java.lang.reflect.Method.invoke(Method.java:498)
	at org.codehaus.groovy.runtime.callsite.PogoMetaMethodSite$PogoCachedMethodSiteNoUnwrapNoCoerce.invoke(PogoMetaMethodSite.java:210)
	at org.codehaus.groovy.runtime.callsite.PogoMetaMethodSite.callCurrent(PogoMetaMethodSite.java:59)
	at org.codehaus.groovy.runtime.callsite.AbstractCallSite.callCurrent(AbstractCallSite.java:166)
	at io.restassured.internal.ResponseSpecificationImpl.statusCode(ResponseSpecificationImpl.groovy:122)
	at io.restassured.specification.ResponseSpecification$statusCode$65.callCurrent(Unknown Source)
	at io.restassured.internal.ResponseSpecificationImpl.statusCode(ResponseSpecificationImpl.groovy:130)
	at io.restassured.internal.ValidatableResponseOptionsImpl.statusCode(ValidatableResponseOptionsImpl.java:117)
	at com.gorest.userinfo.CreateUserDataDrivenTest.createMultipleUsers(CreateUserDataDrivenTest.java:25)
]]></failure>
    <system-err><![CDATA[22509 [CreateUserDataDrivenTest-2-thread-31] INFO net.serenitybdd.core.Serenity - 
        __    _____ _____ ____ _____   ____   _    ____  ____  _____ ____  
  _     \ \  |_   _| ____/ ___|_   _| |  _ \ / \  / ___|/ ___|| ____|  _ \ 
 (_)_____| |   | | |  _| \___ \ | |   | |_) / _ \ \___ \\___ \|  _| | | | |
  _|_____| |   | | | |___ ___) || |   |  __/ ___ \ ___) |___) | |___| |_| |
 (_)     | |   |_| |_____|____/ |_|   |_| /_/   \_\____/|____/|_____|____/ 
        /_/                                                                

TEST PASSED: Data Driven Test for adding multiple users to the application
----------------------------------------------------------------------------
22513 [CreateUserDataDrivenTest-2-thread-31] INFO net.serenitybdd.core.Serenity - Test Suite Started: Create user data driven test
22514 [CreateUserDataDrivenTest-2-thread-31] INFO net.serenitybdd.core.Serenity - 
 _____ _____ ____ _____   ____ _____  _    ____ _____ _____ ____  
|_   _| ____/ ___|_   _| / ___|_   _|/ \  |  _ \_   _| ____|  _ \ 
  | | |  _| \___ \ | |   \___ \ | | / _ \ | |_) || | |  _| | | | |
  | | | |___ ___) || |    ___) || |/ ___ \|  _ < | | | |___| |_| |
  |_| |_____|____/ |_|   |____/ |_/_/   \_\_| \_\|_| |_____|____/ 
                                                                  

TEST STARTED: createMultipleUsers[77]
-------------------------------------------------------------------
22514 [CreateUserDataDrivenTest-2-thread-31] INFO net.serenitybdd.core.Serenity - TEST NUMBER: 78
]]></system-err>
  </testcase>
  <testcase name="createMultipleUsers[38]" classname="com.gorest.userinfo.CreateUserDataDrivenTest" time="0.071"/>
  <testcase name="createMultipleUsers[68]" classname="com.gorest.userinfo.CreateUserDataDrivenTest" time="0.001"/>
  <testcase name="createMultipleUsers[12]" classname="com.gorest.userinfo.CreateUserDataDrivenTest" time="0.059"/>
  <testcase name="createMultipleUsers[47]" classname="com.gorest.userinfo.CreateUserDataDrivenTest" time="0.627"/>
  <testcase name="createMultipleUsers[51]" classname="com.gorest.userinfo.CreateUserDataDrivenTest" time="0.628"/>
  <testcase name="createMultipleUsers[60]" classname="com.gorest.userinfo.CreateUserDataDrivenTest" time="0.628"/>
  <testcase name="createMultipleUsers[64]" classname="com.gorest.userinfo.CreateUserDataDrivenTest" time="0.628">
    <failure message="1 expectation failed.&#10;Expected status code &lt;201&gt; but was &lt;422&gt;.&#10;" type="java.lang.AssertionError"><![CDATA[java.lang.AssertionError: 1 expectation failed.
Expected status code <201> but was <422>.

	at sun.reflect.NativeConstructorAccessorImpl.newInstance0(Native Method)
	at sun.reflect.NativeConstructorAccessorImpl.newInstance(NativeConstructorAccessorImpl.java:62)
	at sun.reflect.DelegatingConstructorAccessorImpl.newInstance(DelegatingConstructorAccessorImpl.java:45)
	at java.lang.reflect.Constructor.newInstance(Constructor.java:423)
	at org.codehaus.groovy.reflection.CachedConstructor.invoke(CachedConstructor.java:83)
	at org.codehaus.groovy.reflection.CachedConstructor.doConstructorInvoke(CachedConstructor.java:77)
	at org.codehaus.groovy.runtime.callsite.ConstructorSite$ConstructorSiteNoUnwrap.callConstructor(ConstructorSite.java:84)
	at org.codehaus.groovy.runtime.callsite.AbstractCallSite.callConstructor(AbstractCallSite.java:247)
	at io.restassured.internal.ResponseSpecificationImpl$HamcrestAssertionClosure.validate(ResponseSpecificationImpl.groovy:471)
	at io.restassured.internal.ResponseSpecificationImpl$HamcrestAssertionClosure$validate$14.call(Unknown Source)
	at io.restassured.internal.ResponseSpecificationImpl.validateResponseIfRequired(ResponseSpecificationImpl.groovy:636)
	at sun.reflect.GeneratedMethodAccessor963.invoke(Unknown Source)
	at sun.reflect.DelegatingMethodAccessorImpl.invoke(DelegatingMethodAccessorImpl.java:43)
	at java.lang.reflect.Method.invoke(Method.java:498)
	at org.codehaus.groovy.runtime.callsite.PogoMetaMethodSite$PogoCachedMethodSiteNoUnwrapNoCoerce.invoke(PogoMetaMethodSite.java:210)
	at org.codehaus.groovy.runtime.callsite.PogoMetaMethodSite.callCurrent(PogoMetaMethodSite.java:59)
	at org.codehaus.groovy.runtime.callsite.AbstractCallSite.callCurrent(AbstractCallSite.java:166)
	at io.restassured.internal.ResponseSpecificationImpl.statusCode(ResponseSpecificationImpl.groovy:122)
	at io.restassured.specification.ResponseSpecification$statusCode$65.callCurrent(Unknown Source)
	at io.restassured.internal.ResponseSpecificationImpl.statusCode(ResponseSpecificationImpl.groovy:130)
	at io.restassured.internal.ValidatableResponseOptionsImpl.statusCode(ValidatableResponseOptionsImpl.java:117)
	at com.gorest.userinfo.CreateUserDataDrivenTest.createMultipleUsers(CreateUserDataDrivenTest.java:25)
]]></failure>
    <system-err><![CDATA[23320 [CreateUserDataDrivenTest-2-thread-61] INFO net.serenitybdd.core.Serenity - 
        __    _____ _____ ____ _____   ____   _    ____  ____  _____ ____  
  _     \ \  |_   _| ____/ ___|_   _| |  _ \ / \  / ___|/ ___|| ____|  _ \ 
 (_)_____| |   | | |  _| \___ \ | |   | |_) / _ \ \___ \\___ \|  _| | | | |
  _|_____| |   | | | |___ ___) || |   |  __/ ___ \ ___) |___) | |___| |_| |
 (_)     | |   |_| |_____|____/ |_|   |_| /_/   \_\____/|____/|_____|____/ 
        /_/                                                                

TEST PASSED: Data Driven Test for adding multiple users to the application
----------------------------------------------------------------------------
]]></system-err>
  </testcase>
  <testcase name="createMultipleUsers[16]" classname="com.gorest.userinfo.CreateUserDataDrivenTest" time="0.628"/>
  <testcase name="createMultipleUsers[11]" classname="com.gorest.userinfo.CreateUserDataDrivenTest" time="0.634">
    <failure message="1 expectation failed.&#10;Expected status code &lt;201&gt; but was &lt;422&gt;.&#10;" type="java.lang.AssertionError"><![CDATA[java.lang.AssertionError: 1 expectation failed.
Expected status code <201> but was <422>.

	at sun.reflect.NativeConstructorAccessorImpl.newInstance0(Native Method)
	at sun.reflect.NativeConstructorAccessorImpl.newInstance(NativeConstructorAccessorImpl.java:62)
	at sun.reflect.DelegatingConstructorAccessorImpl.newInstance(DelegatingConstructorAccessorImpl.java:45)
	at java.lang.reflect.Constructor.newInstance(Constructor.java:423)
	at org.codehaus.groovy.reflection.CachedConstructor.invoke(CachedConstructor.java:83)
	at org.codehaus.groovy.reflection.CachedConstructor.doConstructorInvoke(CachedConstructor.java:77)
	at org.codehaus.groovy.runtime.callsite.ConstructorSite$ConstructorSiteNoUnwrap.callConstructor(ConstructorSite.java:84)
	at org.codehaus.groovy.runtime.callsite.AbstractCallSite.callConstructor(AbstractCallSite.java:247)
	at io.restassured.internal.ResponseSpecificationImpl$HamcrestAssertionClosure.validate(ResponseSpecificationImpl.groovy:471)
	at io.restassured.internal.ResponseSpecificationImpl$HamcrestAssertionClosure$validate$14.call(Unknown Source)
	at io.restassured.internal.ResponseSpecificationImpl.validateResponseIfRequired(ResponseSpecificationImpl.groovy:636)
	at sun.reflect.GeneratedMethodAccessor963.invoke(Unknown Source)
	at sun.reflect.DelegatingMethodAccessorImpl.invoke(DelegatingMethodAccessorImpl.java:43)
	at java.lang.reflect.Method.invoke(Method.java:498)
	at org.codehaus.groovy.runtime.callsite.PogoMetaMethodSite$PogoCachedMethodSiteNoUnwrapNoCoerce.invoke(PogoMetaMethodSite.java:210)
	at org.codehaus.groovy.runtime.callsite.PogoMetaMethodSite.callCurrent(PogoMetaMethodSite.java:59)
	at org.codehaus.groovy.runtime.callsite.AbstractCallSite.callCurrent(AbstractCallSite.java:166)
	at io.restassured.internal.ResponseSpecificationImpl.statusCode(ResponseSpecificationImpl.groovy:122)
	at io.restassured.specification.ResponseSpecification$statusCode$65.callCurrent(Unknown Source)
	at io.restassured.internal.ResponseSpecificationImpl.statusCode(ResponseSpecificationImpl.groovy:130)
	at io.restassured.internal.ValidatableResponseOptionsImpl.statusCode(ValidatableResponseOptionsImpl.java:117)
	at com.gorest.userinfo.CreateUserDataDrivenTest.createMultipleUsers(CreateUserDataDrivenTest.java:25)
]]></failure>
    <system-err><![CDATA[23322 [CreateUserDataDrivenTest-2-thread-17] INFO net.serenitybdd.core.Serenity - 
        __    _____ _____ ____ _____   ____   _    ____  ____  _____ ____  
  _     \ \  |_   _| ____/ ___|_   _| |  _ \ / \  / ___|/ ___|| ____|  _ \ 
 (_)_____| |   | | |  _| \___ \ | |   | |_) / _ \ \___ \\___ \|  _| | | | |
  _|_____| |   | | | |___ ___) || |   |  __/ ___ \ ___) |___) | |___| |_| |
 (_)     | |   |_| |_____|____/ |_|   |_| /_/   \_\____/|____/|_____|____/ 
        /_/                                                                

TEST PASSED: Data Driven Test for adding multiple users to the application
----------------------------------------------------------------------------
]]></system-err>
  </testcase>
  <testcase name="createMultipleUsers[72]" classname="com.gorest.userinfo.CreateUserDataDrivenTest" time="0.634"/>
  <testcase name="createMultipleUsers[74]" classname="com.gorest.userinfo.CreateUserDataDrivenTest" time="0.634"/>
  <testcase name="createMultipleUsers[28]" classname="com.gorest.userinfo.CreateUserDataDrivenTest" time="0.637"/>
  <testcase name="createMultipleUsers[66]" classname="com.gorest.userinfo.CreateUserDataDrivenTest" time="0.118"/>
  <testcase name="createMultipleUsers[77]" classname="com.gorest.userinfo.CreateUserDataDrivenTest" time="0.006"/>
  <testcase name="createMultipleUsers[79]" classname="com.gorest.userinfo.CreateUserDataDrivenTest" time="0.056"/>
  <testcase name="createMultipleUsers[80]" classname="com.gorest.userinfo.CreateUserDataDrivenTest" time="0.007"/>
  <testcase name="createMultipleUsers[76]" classname="com.gorest.userinfo.CreateUserDataDrivenTest" time="0.026"/>
  <testcase name="createMultipleUsers[67]" classname="com.gorest.userinfo.CreateUserDataDrivenTest" time="0.026">
    <failure message="1 expectation failed.&#10;Expected status code &lt;201&gt; but was &lt;422&gt;.&#10;" type="java.lang.AssertionError"><![CDATA[java.lang.AssertionError: 1 expectation failed.
Expected status code <201> but was <422>.

	at sun.reflect.NativeConstructorAccessorImpl.newInstance0(Native Method)
	at sun.reflect.NativeConstructorAccessorImpl.newInstance(NativeConstructorAccessorImpl.java:62)
	at sun.reflect.DelegatingConstructorAccessorImpl.newInstance(DelegatingConstructorAccessorImpl.java:45)
	at java.lang.reflect.Constructor.newInstance(Constructor.java:423)
	at org.codehaus.groovy.reflection.CachedConstructor.invoke(CachedConstructor.java:83)
	at org.codehaus.groovy.reflection.CachedConstructor.doConstructorInvoke(CachedConstructor.java:77)
	at org.codehaus.groovy.runtime.callsite.ConstructorSite$ConstructorSiteNoUnwrap.callConstructor(ConstructorSite.java:84)
	at org.codehaus.groovy.runtime.callsite.AbstractCallSite.callConstructor(AbstractCallSite.java:247)
	at io.restassured.internal.ResponseSpecificationImpl$HamcrestAssertionClosure.validate(ResponseSpecificationImpl.groovy:471)
	at io.restassured.internal.ResponseSpecificationImpl$HamcrestAssertionClosure$validate$14.call(Unknown Source)
	at io.restassured.internal.ResponseSpecificationImpl.validateResponseIfRequired(ResponseSpecificationImpl.groovy:636)
	at sun.reflect.GeneratedMethodAccessor963.invoke(Unknown Source)
	at sun.reflect.DelegatingMethodAccessorImpl.invoke(DelegatingMethodAccessorImpl.java:43)
	at java.lang.reflect.Method.invoke(Method.java:498)
	at org.codehaus.groovy.runtime.callsite.PogoMetaMethodSite$PogoCachedMethodSiteNoUnwrapNoCoerce.invoke(PogoMetaMethodSite.java:210)
	at org.codehaus.groovy.runtime.callsite.PogoMetaMethodSite.callCurrent(PogoMetaMethodSite.java:59)
	at org.codehaus.groovy.runtime.callsite.AbstractCallSite.callCurrent(AbstractCallSite.java:166)
	at io.restassured.internal.ResponseSpecificationImpl.statusCode(ResponseSpecificationImpl.groovy:122)
	at io.restassured.specification.ResponseSpecification$statusCode$65.callCurrent(Unknown Source)
	at io.restassured.internal.ResponseSpecificationImpl.statusCode(ResponseSpecificationImpl.groovy:130)
	at io.restassured.internal.ValidatableResponseOptionsImpl.statusCode(ValidatableResponseOptionsImpl.java:117)
	at com.gorest.userinfo.CreateUserDataDrivenTest.createMultipleUsers(CreateUserDataDrivenTest.java:25)
]]></failure>
    <system-err><![CDATA[23639 [CreateUserDataDrivenTest-2-thread-51] INFO net.serenitybdd.core.Serenity - 
        __    _____ _____ ____ _____   ____   _    ____  ____  _____ ____  
  _     \ \  |_   _| ____/ ___|_   _| |  _ \ / \  / ___|/ ___|| ____|  _ \ 
 (_)_____| |   | | |  _| \___ \ | |   | |_) / _ \ \___ \\___ \|  _| | | | |
  _|_____| |   | | | |___ ___) || |   |  __/ ___ \ ___) |___) | |___| |_| |
 (_)     | |   |_| |_____|____/ |_|   |_| /_/   \_\____/|____/|_____|____/ 
        /_/                                                                

TEST PASSED: Data Driven Test for adding multiple users to the application
----------------------------------------------------------------------------
23643 [CreateUserDataDrivenTest-2-thread-51] INFO net.serenitybdd.core.Serenity - Test Suite Started: Create user data driven test
23644 [CreateUserDataDrivenTest-2-thread-51] INFO net.serenitybdd.core.Serenity - 
 _____ _____ ____ _____   ____ _____  _    ____ _____ _____ ____  
|_   _| ____/ ___|_   _| / ___|_   _|/ \  |  _ \_   _| ____|  _ \ 
  | | |  _| \___ \ | |   \___ \ | | / _ \ | |_) || | |  _| | | | |
  | | | |___ ___) || |    ___) || |/ ___ \|  _ < | | | |___| |_| |
  |_| |_____|____/ |_|   |____/ |_/_/   \_\_| \_\|_| |_____|____/ 
                                                                  

TEST STARTED: createMultipleUsers[95]
-------------------------------------------------------------------
23644 [CreateUserDataDrivenTest-2-thread-51] INFO net.serenitybdd.core.Serenity - TEST NUMBER: 96
]]></system-err>
  </testcase>
  <testcase name="createMultipleUsers[78]" classname="com.gorest.userinfo.CreateUserDataDrivenTest" time="0.093"/>
  <testcase name="createMultipleUsers[75]" classname="com.gorest.userinfo.CreateUserDataDrivenTest" time="0.11"/>
  <testcase name="createMultipleUsers[85]" classname="com.gorest.userinfo.CreateUserDataDrivenTest" time="0.035"/>
  <testcase name="createMultipleUsers[88]" classname="com.gorest.userinfo.CreateUserDataDrivenTest" time="0.001"/>
  <testcase name="createMultipleUsers[84]" classname="com.gorest.userinfo.CreateUserDataDrivenTest" time="0.012"/>
  <testcase name="createMultipleUsers[71]" classname="com.gorest.userinfo.CreateUserDataDrivenTest" time="0.018"/>
  <testcase name="createMultipleUsers[73]" classname="com.gorest.userinfo.CreateUserDataDrivenTest" time="0.025"/>
  <testcase name="createMultipleUsers[89]" classname="com.gorest.userinfo.CreateUserDataDrivenTest" time="0.317"/>
  <testcase name="createMultipleUsers[70]" classname="com.gorest.userinfo.CreateUserDataDrivenTest" time="0.368"/>
  <testcase name="createMultipleUsers[86]" classname="com.gorest.userinfo.CreateUserDataDrivenTest" time="0.39"/>
  <testcase name="createMultipleUsers[69]" classname="com.gorest.userinfo.CreateUserDataDrivenTest" time="0.436"/>
  <testcase name="createMultipleUsers[87]" classname="com.gorest.userinfo.CreateUserDataDrivenTest" time="0.461"/>
  <testcase name="createMultipleUsers[92]" classname="com.gorest.userinfo.CreateUserDataDrivenTest" time="0.494"/>
  <testcase name="createMultipleUsers[98]" classname="com.gorest.userinfo.CreateUserDataDrivenTest" time="0.538"/>
  <testcase name="createMultipleUsers[95]" classname="com.gorest.userinfo.CreateUserDataDrivenTest" time="0.708"/>
  <testcase name="createMultipleUsers[97]" classname="com.gorest.userinfo.CreateUserDataDrivenTest" time="0.818"/>
  <testcase name="createMultipleUsers[94]" classname="com.gorest.userinfo.CreateUserDataDrivenTest" time="0.883"/>
  <testcase name="createMultipleUsers[90]" classname="com.gorest.userinfo.CreateUserDataDrivenTest" time="0.929"/>
  <testcase name="createMultipleUsers[81]" classname="com.gorest.userinfo.CreateUserDataDrivenTest" time="0.947"/>
  <testcase name="createMultipleUsers[99]" classname="com.gorest.userinfo.CreateUserDataDrivenTest" time="0.978"/>
  <testcase name="createMultipleUsers[82]" classname="com.gorest.userinfo.CreateUserDataDrivenTest" time="1"/>
  <testcase name="createMultipleUsers[83]" classname="com.gorest.userinfo.CreateUserDataDrivenTest" time="1.032"/>
  <testcase name="createMultipleUsers[96]" classname="com.gorest.userinfo.CreateUserDataDrivenTest" time="1.529"/>
  <testcase name="createMultipleUsers[93]" classname="com.gorest.userinfo.CreateUserDataDrivenTest" time="1.53">
    <failure message="1 expectation failed.&#10;Expected status code &lt;201&gt; but was &lt;422&gt;.&#10;" type="java.lang.AssertionError"><![CDATA[java.lang.AssertionError: 1 expectation failed.
Expected status code <201> but was <422>.

	at sun.reflect.NativeConstructorAccessorImpl.newInstance0(Native Method)
	at sun.reflect.NativeConstructorAccessorImpl.newInstance(NativeConstructorAccessorImpl.java:62)
	at sun.reflect.DelegatingConstructorAccessorImpl.newInstance(DelegatingConstructorAccessorImpl.java:45)
	at java.lang.reflect.Constructor.newInstance(Constructor.java:423)
	at org.codehaus.groovy.reflection.CachedConstructor.invoke(CachedConstructor.java:83)
	at org.codehaus.groovy.reflection.CachedConstructor.doConstructorInvoke(CachedConstructor.java:77)
	at org.codehaus.groovy.runtime.callsite.ConstructorSite$ConstructorSiteNoUnwrap.callConstructor(ConstructorSite.java:84)
	at org.codehaus.groovy.runtime.callsite.AbstractCallSite.callConstructor(AbstractCallSite.java:247)
	at io.restassured.internal.ResponseSpecificationImpl$HamcrestAssertionClosure.validate(ResponseSpecificationImpl.groovy:471)
	at io.restassured.internal.ResponseSpecificationImpl$HamcrestAssertionClosure$validate$14.call(Unknown Source)
	at io.restassured.internal.ResponseSpecificationImpl.validateResponseIfRequired(ResponseSpecificationImpl.groovy:636)
	at sun.reflect.GeneratedMethodAccessor963.invoke(Unknown Source)
	at sun.reflect.DelegatingMethodAccessorImpl.invoke(DelegatingMethodAccessorImpl.java:43)
	at java.lang.reflect.Method.invoke(Method.java:498)
	at org.codehaus.groovy.runtime.callsite.PogoMetaMethodSite$PogoCachedMethodSiteNoUnwrapNoCoerce.invoke(PogoMetaMethodSite.java:210)
	at org.codehaus.groovy.runtime.callsite.PogoMetaMethodSite.callCurrent(PogoMetaMethodSite.java:59)
	at org.codehaus.groovy.runtime.callsite.AbstractCallSite.callCurrent(AbstractCallSite.java:166)
	at io.restassured.internal.ResponseSpecificationImpl.statusCode(ResponseSpecificationImpl.groovy:122)
	at io.restassured.specification.ResponseSpecification$statusCode$65.callCurrent(Unknown Source)
	at io.restassured.internal.ResponseSpecificationImpl.statusCode(ResponseSpecificationImpl.groovy:130)
	at io.restassured.internal.ValidatableResponseOptionsImpl.statusCode(ValidatableResponseOptionsImpl.java:117)
	at com.gorest.userinfo.CreateUserDataDrivenTest.createMultipleUsers(CreateUserDataDrivenTest.java:25)
]]></failure>
  </testcase>
  <testcase name="createMultipleUsers[91]" classname="com.gorest.userinfo.CreateUserDataDrivenTest" time="1.533"/>
  <testcase name="createMultipleUsers[39]" classname="com.gorest.userinfo.CreateUserDataDrivenTest" time="1.536"/>
  <testcase name="createMultipleUsers[44]" classname="com.gorest.userinfo.CreateUserDataDrivenTest" time="1.537"/>
  <testcase name="createMultipleUsers[31]" classname="com.gorest.userinfo.CreateUserDataDrivenTest" time="1.732"/>
  <testcase name="createMultipleUsers[6]" classname="com.gorest.userinfo.CreateUserDataDrivenTest" time="1.777"/>
  <testcase name="createMultipleUsers[45]" classname="com.gorest.userinfo.CreateUserDataDrivenTest" time="1.793"/>
  <testcase name="createMultipleUsers[18]" classname="com.gorest.userinfo.CreateUserDataDrivenTest" time="1.801"/>
  <testcase name="createMultipleUsers[40]" classname="com.gorest.userinfo.CreateUserDataDrivenTest" time="2.147"/>
  <testcase name="createMultipleUsers[8]" classname="com.gorest.userinfo.CreateUserDataDrivenTest" time="2.147"/>
  <testcase name="createMultipleUsers[41]" classname="com.gorest.userinfo.CreateUserDataDrivenTest" time="2.147"/>
  <testcase name="createMultipleUsers[63]" classname="com.gorest.userinfo.CreateUserDataDrivenTest" time="2.147"/>
  <testcase name="createMultipleUsers[42]" classname="com.gorest.userinfo.CreateUserDataDrivenTest" time="2.147"/>
  <testcase name="createMultipleUsers[49]" classname="com.gorest.userinfo.CreateUserDataDrivenTest" time="2.249"/>
  <testcase name="createMultipleUsers[43]" classname="com.gorest.userinfo.CreateUserDataDrivenTest" time="2.295"/>
  <testcase name="createMultipleUsers[23]" classname="com.gorest.userinfo.CreateUserDataDrivenTest" time="2.325"/>
  <testcase name="createMultipleUsers[17]" classname="com.gorest.userinfo.CreateUserDataDrivenTest" time="2.365"/>
  <testcase name="createMultipleUsers[48]" classname="com.gorest.userinfo.CreateUserDataDrivenTest" time="2.553"/>
  <testcase name="createMultipleUsers[37]" classname="com.gorest.userinfo.CreateUserDataDrivenTest" time="2.554"/>
  <testcase name="createMultipleUsers[32]" classname="com.gorest.userinfo.CreateUserDataDrivenTest" time="2.562"/>
  <testcase name="createMultipleUsers[10]" classname="com.gorest.userinfo.CreateUserDataDrivenTest" time="2.607"/>
  <testcase name="createMultipleUsers[4]" classname="com.gorest.userinfo.CreateUserDataDrivenTest" time="2.685"/>
  <testcase name="createMultipleUsers[20]" classname="com.gorest.userinfo.CreateUserDataDrivenTest" time="2.731"/>
  <testcase name="createMultipleUsers[62]" classname="com.gorest.userinfo.CreateUserDataDrivenTest" time="2.799"/>
  <testcase name="createMultipleUsers[59]" classname="com.gorest.userinfo.CreateUserDataDrivenTest" time="2.806"/>
  <testcase name="createMultipleUsers[19]" classname="com.gorest.userinfo.CreateUserDataDrivenTest" time="2.891"/>
  <testcase name="createMultipleUsers[27]" classname="com.gorest.userinfo.CreateUserDataDrivenTest" time="2.968"/>
  <testcase name="createMultipleUsers[36]" classname="com.gorest.userinfo.CreateUserDataDrivenTest" time="2.999"/>
  <testcase name="createMultipleUsers[29]" classname="com.gorest.userinfo.CreateUserDataDrivenTest" time="3.058"/>
  <testcase name="createMultipleUsers[26]" classname="com.gorest.userinfo.CreateUserDataDrivenTest" time="3.069"/>
  <testcase name="createMultipleUsers[61]" classname="com.gorest.userinfo.CreateUserDataDrivenTest" time="3.37"/>
  <testcase name="createMultipleUsers[3]" classname="com.gorest.userinfo.CreateUserDataDrivenTest" time="3.37"/>
  <testcase name="createMultipleUsers[55]" classname="com.gorest.userinfo.CreateUserDataDrivenTest" time="3.372">
    <failure message="1 expectation failed.&#10;Expected status code &lt;201&gt; but was &lt;422&gt;.&#10;" type="java.lang.AssertionError"><![CDATA[java.lang.AssertionError: 1 expectation failed.
Expected status code <201> but was <422>.

	at sun.reflect.NativeConstructorAccessorImpl.newInstance0(Native Method)
	at sun.reflect.NativeConstructorAccessorImpl.newInstance(NativeConstructorAccessorImpl.java:62)
	at sun.reflect.DelegatingConstructorAccessorImpl.newInstance(DelegatingConstructorAccessorImpl.java:45)
	at java.lang.reflect.Constructor.newInstance(Constructor.java:423)
	at org.codehaus.groovy.reflection.CachedConstructor.invoke(CachedConstructor.java:83)
	at org.codehaus.groovy.reflection.CachedConstructor.doConstructorInvoke(CachedConstructor.java:77)
	at org.codehaus.groovy.runtime.callsite.ConstructorSite$ConstructorSiteNoUnwrap.callConstructor(ConstructorSite.java:84)
	at org.codehaus.groovy.runtime.callsite.AbstractCallSite.callConstructor(AbstractCallSite.java:247)
	at io.restassured.internal.ResponseSpecificationImpl$HamcrestAssertionClosure.validate(ResponseSpecificationImpl.groovy:471)
	at io.restassured.internal.ResponseSpecificationImpl$HamcrestAssertionClosure$validate$14.call(Unknown Source)
	at io.restassured.internal.ResponseSpecificationImpl.validateResponseIfRequired(ResponseSpecificationImpl.groovy:636)
	at sun.reflect.GeneratedMethodAccessor963.invoke(Unknown Source)
	at sun.reflect.DelegatingMethodAccessorImpl.invoke(DelegatingMethodAccessorImpl.java:43)
	at java.lang.reflect.Method.invoke(Method.java:498)
	at org.codehaus.groovy.runtime.callsite.PogoMetaMethodSite$PogoCachedMethodSiteNoUnwrapNoCoerce.invoke(PogoMetaMethodSite.java:210)
	at org.codehaus.groovy.runtime.callsite.PogoMetaMethodSite.callCurrent(PogoMetaMethodSite.java:59)
	at org.codehaus.groovy.runtime.callsite.AbstractCallSite.callCurrent(AbstractCallSite.java:166)
	at io.restassured.internal.ResponseSpecificationImpl.statusCode(ResponseSpecificationImpl.groovy:122)
	at io.restassured.specification.ResponseSpecification$statusCode$65.callCurrent(Unknown Source)
	at io.restassured.internal.ResponseSpecificationImpl.statusCode(ResponseSpecificationImpl.groovy:130)
	at io.restassured.internal.ValidatableResponseOptionsImpl.statusCode(ValidatableResponseOptionsImpl.java:117)
	at com.gorest.userinfo.CreateUserDataDrivenTest.createMultipleUsers(CreateUserDataDrivenTest.java:25)
]]></failure>
    <system-err><![CDATA[27308 [CreateUserDataDrivenTest-2-thread-62] INFO net.serenitybdd.core.Serenity - 
        __    _____ _____ ____ _____   ____   _    ____  ____  _____ ____  
  _     \ \  |_   _| ____/ ___|_   _| |  _ \ / \  / ___|/ ___|| ____|  _ \ 
 (_)_____| |   | | |  _| \___ \ | |   | |_) / _ \ \___ \\___ \|  _| | | | |
  _|_____| |   | | | |___ ___) || |   |  __/ ___ \ ___) |___) | |___| |_| |
 (_)     | |   |_| |_____|____/ |_|   |_| /_/   \_\____/|____/|_____|____/ 
        /_/                                                                

TEST PASSED: Data Driven Test for adding multiple users to the application
----------------------------------------------------------------------------
]]></system-err>
  </testcase>
  <testcase name="createMultipleUsers[25]" classname="com.gorest.userinfo.CreateUserDataDrivenTest" time="3.391"/>
  <testcase name="createMultipleUsers[56]" classname="com.gorest.userinfo.CreateUserDataDrivenTest" time="3.392"/>
  <testcase name="createMultipleUsers[7]" classname="com.gorest.userinfo.CreateUserDataDrivenTest" time="3.403"/>
  <testcase name="createMultipleUsers[9]" classname="com.gorest.userinfo.CreateUserDataDrivenTest" time="3.42"/>
  <testcase name="createMultipleUsers[58]" classname="com.gorest.userinfo.CreateUserDataDrivenTest" time="3.676"/>
  <testcase name="createMultipleUsers[2]" classname="com.gorest.userinfo.CreateUserDataDrivenTest" time="3.676"/>
  <testcase name="createMultipleUsers[34]" classname="com.gorest.userinfo.CreateUserDataDrivenTest" time="3.747"/>
  <testcase name="createMultipleUsers[33]" classname="com.gorest.userinfo.CreateUserDataDrivenTest" time="3.811"/>
  <testcase name="createMultipleUsers[65]" classname="com.gorest.userinfo.CreateUserDataDrivenTest" time="4.294"/>
  <testcase name="createMultipleUsers[52]" classname="com.gorest.userinfo.CreateUserDataDrivenTest" time="4.296"/>
  <testcase name="createMultipleUsers[5]" classname="com.gorest.userinfo.CreateUserDataDrivenTest" time="4.498"/>
</testsuite>