<?xml version="1.0" encoding="UTF-8"?><testsuite errors="0" failures="0" name="com.gorest.userinfo.UserCURDTestWithSteps" skipped="0" tests="4" time="3.8" timestamp="2023-06-04T18:13:27.397Z[UTC]"><testcase classname="com.gorest.userinfo.UserCURDTestWithSteps" name="This will create a new User"/><testcase classname="com.gorest.userinfo.UserCURDTestWithSteps" name="Verify if the User is added to application"/><testcase classname="com.gorest.userinfo.UserCURDTestWithSteps" name="Update the student information and verify the updated information"/><testcase classname="com.gorest.userinfo.UserCURDTestWithSteps" name="This will delete student and verify that student is deleted"/></testsuite>